2025-10-23 00:39:58.325 - RealTimeSTT: realtimestt - INFO - Starting RealTimeSTT
2025-10-23 00:39:58.331 - RealTimeSTT: realtimestt - INFO - Initializing audio recording (creating pyAudio input stream, sample rate: 16000 buffer size: 512
2025-10-23 00:39:58.334 - RealTimeSTT: realtimestt - INFO - Initializing WebRTC voice with Sensitivity 3
2025-10-23 00:39:58.334 - RealTimeSTT: realtimestt - DEBUG - WebRTC VAD voice activity detection engine initialized successfully
2025-10-23 00:40:00.054 - RealTimeSTT: realtimestt - DEBUG - Silero VAD voice activity detection engine initialized successfully
2025-10-23 00:40:00.055 - RealTimeSTT: realtimestt - DEBUG - Starting realtime worker
2025-10-23 00:40:00.055 - RealTimeSTT: realtimestt - DEBUG - Waiting for main transcription model to start
2025-10-23 00:40:17.569 - RealTimeSTT: realtimestt - INFO - Starting RealTimeSTT
2025-10-23 00:40:17.575 - RealTimeSTT: realtimestt - INFO - Initializing audio recording (creating pyAudio input stream, sample rate: 16000 buffer size: 512
2025-10-23 00:40:17.578 - RealTimeSTT: realtimestt - INFO - Initializing WebRTC voice with Sensitivity 3
2025-10-23 00:40:17.579 - RealTimeSTT: realtimestt - DEBUG - WebRTC VAD voice activity detection engine initialized successfully
2025-10-23 00:40:18.402 - RealTimeSTT: realtimestt - DEBUG - Silero VAD voice activity detection engine initialized successfully
2025-10-23 00:40:18.403 - RealTimeSTT: realtimestt - DEBUG - Starting realtime worker
2025-10-23 00:40:18.403 - RealTimeSTT: realtimestt - DEBUG - Waiting for main transcription model to start
2025-10-23 00:42:19.216 - RealTimeSTT: realtimestt - INFO - Starting RealTimeSTT
2025-10-23 00:42:19.222 - RealTimeSTT: realtimestt - INFO - Initializing audio recording (creating pyAudio input stream, sample rate: 16000 buffer size: 512
2025-10-23 00:42:19.226 - RealTimeSTT: realtimestt - INFO - Initializing WebRTC voice with Sensitivity 3
2025-10-23 00:42:19.226 - RealTimeSTT: realtimestt - DEBUG - WebRTC VAD voice activity detection engine initialized successfully
2025-10-23 00:42:20.583 - RealTimeSTT: realtimestt - DEBUG - Silero VAD voice activity detection engine initialized successfully
2025-10-23 00:42:20.584 - RealTimeSTT: realtimestt - DEBUG - Starting realtime worker
2025-10-23 00:42:20.584 - RealTimeSTT: realtimestt - DEBUG - Waiting for main transcription model to start
2025-10-23 00:42:24.538 - RealTimeSTT: realtimestt - DEBUG - Main transcription model ready
2025-10-23 00:42:24.538 - RealTimeSTT: realtimestt - DEBUG - RealtimeSTT initialization completed successfully
2025-10-23 00:43:31.802 - RealTimeSTT: realtimestt - DEBUG - Receive from stdout pipe
2025-10-23 00:43:31.803 - RealTimeSTT: realtimestt - INFO - None
2025-10-23 13:07:38.981 - RealTimeSTT: realtimestt - INFO - Starting RealTimeSTT
2025-10-23 13:07:38.987 - RealTimeSTT: realtimestt - INFO - Initializing audio recording (creating pyAudio input stream, sample rate: 16000 buffer size: 512
2025-10-23 13:07:38.990 - RealTimeSTT: realtimestt - INFO - Initializing WebRTC voice with Sensitivity 3
2025-10-23 13:07:38.990 - RealTimeSTT: realtimestt - DEBUG - WebRTC VAD voice activity detection engine initialized successfully
2025-10-23 13:07:40.210 - RealTimeSTT: realtimestt - DEBUG - Silero VAD voice activity detection engine initialized successfully
2025-10-23 13:07:40.211 - RealTimeSTT: realtimestt - DEBUG - Starting realtime worker
2025-10-23 13:07:40.211 - RealTimeSTT: realtimestt - DEBUG - Waiting for main transcription model to start
2025-10-23 13:07:44.451 - RealTimeSTT: realtimestt - DEBUG - Main transcription model ready
2025-10-23 13:07:44.451 - RealTimeSTT: realtimestt - DEBUG - RealtimeSTT initialization completed successfully
2025-10-23 13:07:45.392 - RealTimeSTT: realtimestt - INFO - Setting listen time
2025-10-23 13:07:45.392 - RealTimeSTT: realtimestt - INFO - State changed from 'inactive' to 'listening'
2025-10-23 13:07:45.394 - RealTimeSTT: realtimestt - DEBUG - Waiting for recording start
2025-10-23 13:08:09.873 - RealTimeSTT: realtimestt - INFO - Starting RealTimeSTT
2025-10-23 13:08:09.879 - RealTimeSTT: realtimestt - INFO - Initializing audio recording (creating pyAudio input stream, sample rate: 16000 buffer size: 512
2025-10-23 13:08:09.882 - RealTimeSTT: realtimestt - INFO - Initializing WebRTC voice with Sensitivity 3
2025-10-23 13:08:09.882 - RealTimeSTT: realtimestt - DEBUG - WebRTC VAD voice activity detection engine initialized successfully
2025-10-23 13:08:11.530 - RealTimeSTT: realtimestt - DEBUG - Silero VAD voice activity detection engine initialized successfully
2025-10-23 13:08:11.530 - RealTimeSTT: realtimestt - DEBUG - Starting realtime worker
2025-10-23 13:08:11.531 - RealTimeSTT: realtimestt - DEBUG - Waiting for main transcription model to start
2025-10-23 13:08:14.803 - RealTimeSTT: realtimestt - DEBUG - Main transcription model ready
2025-10-23 13:08:14.804 - RealTimeSTT: realtimestt - DEBUG - RealtimeSTT initialization completed successfully
2025-10-23 13:08:15.656 - RealTimeSTT: realtimestt - INFO - Setting listen time
2025-10-23 13:08:15.656 - RealTimeSTT: realtimestt - INFO - State changed from 'inactive' to 'listening'
2025-10-23 13:08:15.657 - RealTimeSTT: realtimestt - DEBUG - Waiting for recording start
2025-10-23 13:08:34.928 - RealTimeSTT: realtimestt - INFO - Starting RealTimeSTT
2025-10-23 13:08:34.933 - RealTimeSTT: realtimestt - INFO - Initializing audio recording (creating pyAudio input stream, sample rate: 16000 buffer size: 512
2025-10-23 13:08:34.936 - RealTimeSTT: realtimestt - INFO - Initializing WebRTC voice with Sensitivity 3
2025-10-23 13:08:34.936 - RealTimeSTT: realtimestt - DEBUG - WebRTC VAD voice activity detection engine initialized successfully
2025-10-23 13:08:37.445 - RealTimeSTT: realtimestt - DEBUG - Silero VAD voice activity detection engine initialized successfully
2025-10-23 13:08:37.446 - RealTimeSTT: realtimestt - DEBUG - Starting realtime worker
2025-10-23 13:08:37.446 - RealTimeSTT: realtimestt - DEBUG - Waiting for main transcription model to start
2025-10-23 13:08:39.354 - RealTimeSTT: realtimestt - DEBUG - Main transcription model ready
2025-10-23 13:08:39.354 - RealTimeSTT: realtimestt - DEBUG - RealtimeSTT initialization completed successfully
2025-10-23 13:08:40.216 - RealTimeSTT: realtimestt - INFO - Setting listen time
2025-10-23 13:08:40.216 - RealTimeSTT: realtimestt - INFO - State changed from 'inactive' to 'listening'
2025-10-23 13:08:40.217 - RealTimeSTT: realtimestt - DEBUG - Waiting for recording start
2025-10-23 13:09:30.706 - RealTimeSTT: realtimestt - INFO - Starting RealTimeSTT
2025-10-23 13:09:30.712 - RealTimeSTT: realtimestt - INFO - Initializing audio recording (creating pyAudio input stream, sample rate: 16000 buffer size: 512
2025-10-23 13:09:30.715 - RealTimeSTT: realtimestt - INFO - Initializing WebRTC voice with Sensitivity 3
2025-10-23 13:09:30.716 - RealTimeSTT: realtimestt - DEBUG - WebRTC VAD voice activity detection engine initialized successfully
2025-10-23 13:09:31.699 - RealTimeSTT: realtimestt - DEBUG - Silero VAD voice activity detection engine initialized successfully
2025-10-23 13:09:31.700 - RealTimeSTT: realtimestt - DEBUG - Starting realtime worker
2025-10-23 13:09:31.700 - RealTimeSTT: realtimestt - DEBUG - Waiting for main transcription model to start
2025-10-23 13:09:34.431 - RealTimeSTT: realtimestt - DEBUG - Main transcription model ready
2025-10-23 13:09:34.431 - RealTimeSTT: realtimestt - DEBUG - RealtimeSTT initialization completed successfully
2025-10-23 13:09:34.432 - RealTimeSTT: realtimestt - INFO - Setting listen time
2025-10-23 13:09:34.432 - RealTimeSTT: realtimestt - INFO - State changed from 'inactive' to 'listening'
2025-10-23 13:09:34.433 - RealTimeSTT: realtimestt - DEBUG - Waiting for recording start
2025-10-23 13:09:50.409 - RealTimeSTT: realtimestt - INFO - Starting RealTimeSTT
2025-10-23 13:09:50.415 - RealTimeSTT: realtimestt - INFO - Initializing audio recording (creating pyAudio input stream, sample rate: 16000 buffer size: 512
2025-10-23 13:09:50.418 - RealTimeSTT: realtimestt - INFO - Initializing WebRTC voice with Sensitivity 3
2025-10-23 13:09:50.418 - RealTimeSTT: realtimestt - DEBUG - WebRTC VAD voice activity detection engine initialized successfully
2025-10-23 13:09:50.881 - RealTimeSTT: realtimestt - DEBUG - Silero VAD voice activity detection engine initialized successfully
2025-10-23 13:09:50.881 - RealTimeSTT: realtimestt - DEBUG - Starting realtime worker
2025-10-23 13:09:50.882 - RealTimeSTT: realtimestt - DEBUG - Waiting for main transcription model to start
2025-10-23 13:09:54.189 - RealTimeSTT: realtimestt - DEBUG - Main transcription model ready
2025-10-23 13:09:54.190 - RealTimeSTT: realtimestt - DEBUG - RealtimeSTT initialization completed successfully
2025-10-23 13:09:54.190 - RealTimeSTT: realtimestt - INFO - Setting listen time
2025-10-23 13:09:54.190 - RealTimeSTT: realtimestt - INFO - State changed from 'inactive' to 'listening'
2025-10-23 13:09:54.191 - RealTimeSTT: realtimestt - DEBUG - Waiting for recording start
2025-10-23 13:10:35.923 - RealTimeSTT: realtimestt - INFO - Starting RealTimeSTT
2025-10-23 13:10:35.928 - RealTimeSTT: realtimestt - INFO - Initializing audio recording (creating pyAudio input stream, sample rate: 16000 buffer size: 512
2025-10-23 13:10:35.932 - RealTimeSTT: realtimestt - INFO - Initializing WebRTC voice with Sensitivity 3
2025-10-23 13:10:35.932 - RealTimeSTT: realtimestt - DEBUG - WebRTC VAD voice activity detection engine initialized successfully
2025-10-23 13:10:36.895 - RealTimeSTT: realtimestt - DEBUG - Silero VAD voice activity detection engine initialized successfully
2025-10-23 13:10:36.896 - RealTimeSTT: realtimestt - DEBUG - Starting realtime worker
2025-10-23 13:10:36.896 - RealTimeSTT: realtimestt - DEBUG - Waiting for main transcription model to start
2025-10-23 13:10:40.335 - RealTimeSTT: realtimestt - DEBUG - Main transcription model ready
2025-10-23 13:10:40.335 - RealTimeSTT: realtimestt - DEBUG - RealtimeSTT initialization completed successfully
2025-10-23 13:10:41.249 - RealTimeSTT: realtimestt - INFO - Setting listen time
2025-10-23 13:10:41.249 - RealTimeSTT: realtimestt - INFO - State changed from 'inactive' to 'listening'
2025-10-23 13:10:41.251 - RealTimeSTT: realtimestt - DEBUG - Waiting for recording start
2025-10-23 13:10:42.588 - RealTimeSTT: realtimestt - INFO - voice activity detected
2025-10-23 13:10:42.588 - RealTimeSTT: realtimestt - INFO - recording started
2025-10-23 13:10:42.588 - RealTimeSTT: realtimestt - INFO - State changed from 'listening' to 'recording'
2025-10-23 13:10:42.588 - RealTimeSTT: realtimestt - DEBUG - Waiting for recording stop
2025-10-23 13:10:44.119 - RealTimeSTT: realtimestt - INFO - recording stopped
2025-10-23 13:10:44.120 - RealTimeSTT: realtimestt - DEBUG - No samples removed, final audio length: 40960
2025-10-23 13:10:44.120 - RealTimeSTT: realtimestt - INFO - State changed from 'recording' to 'inactive'
2025-10-23 13:10:44.159 - RealTimeSTT: realtimestt - INFO - State changed from 'inactive' to 'transcribing'
2025-10-23 13:10:44.160 - RealTimeSTT: realtimestt - DEBUG - Adding transcription request, no early transcription started
2025-10-23 13:10:44.161 - RealTimeSTT: realtimestt - DEBUG - Receive from parent_transcription_pipe after sendiung transcription request, transcribe_count: 1
2025-10-23 13:10:44.266 - RealTimeSTT: realtimestt - DEBUG - Receive from parent_transcription_pipe after sendiung transcription request, transcribe_count: 1
2025-10-23 13:10:44.376 - RealTimeSTT: realtimestt - DEBUG - Receive from parent_transcription_pipe after sendiung transcription request, transcribe_count: 1
2025-10-23 13:10:44.488 - RealTimeSTT: realtimestt - DEBUG - Receive from parent_transcription_pipe after sendiung transcription request, transcribe_count: 1
2025-10-23 13:10:44.599 - RealTimeSTT: realtimestt - DEBUG - Receive from parent_transcription_pipe after sendiung transcription request, transcribe_count: 1
2025-10-23 13:10:44.624 - RealTimeSTT: realtimestt - INFO - State changed from 'transcribing' to 'inactive'
2025-10-23 13:10:44.667 - RealTimeSTT: realtimestt - DEBUG - Model tiny completed transcription in 0.51 seconds
2025-10-23 13:10:44.667 - RealTimeSTT: realtimestt - INFO - Setting listen time
2025-10-23 13:10:44.667 - RealTimeSTT: realtimestt - INFO - State changed from 'inactive' to 'listening'
2025-10-23 13:10:44.669 - RealTimeSTT: realtimestt - DEBUG - Waiting for recording start
2025-10-23 13:12:01.438 - RealTimeSTT: realtimestt - INFO - voice activity detected
2025-10-23 13:12:01.438 - RealTimeSTT: realtimestt - INFO - recording started
2025-10-23 13:12:01.438 - RealTimeSTT: realtimestt - INFO - State changed from 'listening' to 'recording'
2025-10-23 13:12:01.438 - RealTimeSTT: realtimestt - DEBUG - Waiting for recording stop
2025-10-23 13:12:02.589 - RealTimeSTT: realtimestt - INFO - recording stopped
2025-10-23 13:12:02.589 - RealTimeSTT: realtimestt - DEBUG - No samples removed, final audio length: 34816
2025-10-23 13:12:02.589 - RealTimeSTT: realtimestt - INFO - State changed from 'recording' to 'inactive'
2025-10-23 13:12:02.665 - RealTimeSTT: realtimestt - INFO - State changed from 'inactive' to 'transcribing'
2025-10-23 13:12:02.666 - RealTimeSTT: realtimestt - DEBUG - Adding transcription request, no early transcription started
2025-10-23 13:12:02.673 - RealTimeSTT: realtimestt - DEBUG - Receive from parent_transcription_pipe after sendiung transcription request, transcribe_count: 1
2025-10-23 13:12:02.777 - RealTimeSTT: realtimestt - DEBUG - Receive from parent_transcription_pipe after sendiung transcription request, transcribe_count: 1
2025-10-23 13:12:02.886 - RealTimeSTT: realtimestt - DEBUG - Receive from parent_transcription_pipe after sendiung transcription request, transcribe_count: 1
2025-10-23 13:12:02.996 - RealTimeSTT: realtimestt - DEBUG - Receive from parent_transcription_pipe after sendiung transcription request, transcribe_count: 1
2025-10-23 13:12:03.085 - RealTimeSTT: realtimestt - INFO - State changed from 'transcribing' to 'inactive'
2025-10-23 13:12:03.122 - RealTimeSTT: realtimestt - DEBUG - Model tiny completed transcription in 0.46 seconds
2025-10-23 13:12:03.122 - RealTimeSTT: realtimestt - INFO - Setting listen time
2025-10-23 13:12:03.122 - RealTimeSTT: realtimestt - INFO - State changed from 'inactive' to 'listening'
2025-10-23 13:12:03.124 - RealTimeSTT: realtimestt - DEBUG - Waiting for recording start
2025-10-23 13:12:08.858 - RealTimeSTT: realtimestt - INFO - voice activity detected
2025-10-23 13:12:08.858 - RealTimeSTT: realtimestt - INFO - recording started
2025-10-23 13:12:08.858 - RealTimeSTT: realtimestt - INFO - State changed from 'listening' to 'recording'
2025-10-23 13:12:08.858 - RealTimeSTT: realtimestt - DEBUG - Waiting for recording stop
2025-10-23 13:12:10.778 - RealTimeSTT: realtimestt - INFO - recording stopped
2025-10-23 13:12:10.778 - RealTimeSTT: realtimestt - DEBUG - No samples removed, final audio length: 47104
2025-10-23 13:12:10.778 - RealTimeSTT: realtimestt - INFO - State changed from 'recording' to 'inactive'
2025-10-23 13:12:10.792 - RealTimeSTT: realtimestt - INFO - State changed from 'inactive' to 'transcribing'
2025-10-23 13:12:10.794 - RealTimeSTT: realtimestt - DEBUG - Adding transcription request, no early transcription started
2025-10-23 13:12:10.802 - RealTimeSTT: realtimestt - DEBUG - Receive from parent_transcription_pipe after sendiung transcription request, transcribe_count: 1
2025-10-23 13:12:10.905 - RealTimeSTT: realtimestt - DEBUG - Receive from parent_transcription_pipe after sendiung transcription request, transcribe_count: 1
2025-10-23 13:12:11.014 - RealTimeSTT: realtimestt - DEBUG - Receive from parent_transcription_pipe after sendiung transcription request, transcribe_count: 1
2025-10-23 13:12:11.122 - RealTimeSTT: realtimestt - DEBUG - Receive from parent_transcription_pipe after sendiung transcription request, transcribe_count: 1
2025-10-23 13:12:11.214 - RealTimeSTT: realtimestt - INFO - State changed from 'transcribing' to 'inactive'
2025-10-23 13:12:11.249 - RealTimeSTT: realtimestt - DEBUG - Model tiny completed transcription in 0.46 seconds
2025-10-23 13:12:11.250 - RealTimeSTT: realtimestt - INFO - Setting listen time
2025-10-23 13:12:11.250 - RealTimeSTT: realtimestt - INFO - State changed from 'inactive' to 'listening'
2025-10-23 13:12:11.252 - RealTimeSTT: realtimestt - DEBUG - Waiting for recording start
2025-10-23 19:27:51.994 - RealTimeSTT: realtimestt - INFO - Starting RealTimeSTT
2025-10-23 19:27:52.000 - RealTimeSTT: realtimestt - INFO - Initializing audio recording (creating pyAudio input stream, sample rate: 16000 buffer size: 512
2025-10-23 19:27:52.004 - RealTimeSTT: realtimestt - INFO - Initializing WebRTC voice with Sensitivity 3
2025-10-23 19:27:52.004 - RealTimeSTT: realtimestt - DEBUG - WebRTC VAD voice activity detection engine initialized successfully
2025-10-23 19:27:53.071 - RealTimeSTT: realtimestt - DEBUG - Silero VAD voice activity detection engine initialized successfully
2025-10-23 19:27:53.072 - RealTimeSTT: realtimestt - DEBUG - Starting realtime worker
2025-10-23 19:27:53.072 - RealTimeSTT: realtimestt - DEBUG - Waiting for main transcription model to start
2025-10-23 19:27:57.014 - RealTimeSTT: realtimestt - DEBUG - Main transcription model ready
2025-10-23 19:27:57.015 - RealTimeSTT: realtimestt - DEBUG - RealtimeSTT initialization completed successfully
2025-10-23 19:27:57.092 - RealTimeSTT: realtimestt - INFO - Setting listen time
2025-10-23 19:27:57.092 - RealTimeSTT: realtimestt - INFO - State changed from 'inactive' to 'listening'
2025-10-23 19:27:57.093 - RealTimeSTT: realtimestt - DEBUG - Waiting for recording start
2025-10-23 19:28:03.628 - RealTimeSTT: realtimestt - INFO - voice activity detected
2025-10-23 19:28:03.629 - RealTimeSTT: realtimestt - INFO - recording started
2025-10-23 19:28:03.629 - RealTimeSTT: realtimestt - INFO - State changed from 'listening' to 'recording'
2025-10-23 19:28:03.629 - RealTimeSTT: realtimestt - DEBUG - Waiting for recording stop
2025-10-23 19:28:04.788 - RealTimeSTT: realtimestt - INFO - recording stopped
2025-10-23 19:28:04.789 - RealTimeSTT: realtimestt - DEBUG - No samples removed, final audio length: 34816
2025-10-23 19:28:04.789 - RealTimeSTT: realtimestt - INFO - State changed from 'recording' to 'inactive'
2025-10-23 19:28:04.859 - RealTimeSTT: realtimestt - INFO - State changed from 'inactive' to 'transcribing'
2025-10-23 19:28:04.861 - RealTimeSTT: realtimestt - DEBUG - Adding transcription request, no early transcription started
2025-10-23 19:28:04.878 - RealTimeSTT: realtimestt - DEBUG - Receive from parent_transcription_pipe after sendiung transcription request, transcribe_count: 1
2025-10-23 19:28:04.983 - RealTimeSTT: realtimestt - DEBUG - Receive from parent_transcription_pipe after sendiung transcription request, transcribe_count: 1
2025-10-23 19:28:05.094 - RealTimeSTT: realtimestt - DEBUG - Receive from parent_transcription_pipe after sendiung transcription request, transcribe_count: 1
2025-10-23 19:28:05.204 - RealTimeSTT: realtimestt - DEBUG - Receive from parent_transcription_pipe after sendiung transcription request, transcribe_count: 1
2025-10-23 19:28:05.266 - RealTimeSTT: realtimestt - INFO - State changed from 'transcribing' to 'inactive'
2025-10-23 19:28:05.316 - RealTimeSTT: realtimestt - DEBUG - Model tiny completed transcription in 0.46 seconds
2025-10-23 21:04:27.729 - RealTimeSTT: realtimestt - INFO - Starting RealTimeSTT
2025-10-23 21:04:27.735 - RealTimeSTT: realtimestt - INFO - Initializing audio recording (creating pyAudio input stream, sample rate: 16000 buffer size: 512
2025-10-23 21:04:27.739 - RealTimeSTT: realtimestt - INFO - Initializing WebRTC voice with Sensitivity 3
2025-10-23 21:04:27.739 - RealTimeSTT: realtimestt - DEBUG - WebRTC VAD voice activity detection engine initialized successfully
2025-10-23 21:04:28.835 - RealTimeSTT: realtimestt - DEBUG - Silero VAD voice activity detection engine initialized successfully
2025-10-23 21:04:28.836 - RealTimeSTT: realtimestt - DEBUG - Starting realtime worker
2025-10-23 21:04:28.836 - RealTimeSTT: realtimestt - DEBUG - Waiting for main transcription model to start
2025-10-23 21:04:33.261 - RealTimeSTT: realtimestt - DEBUG - Main transcription model ready
2025-10-23 21:04:33.262 - RealTimeSTT: realtimestt - DEBUG - RealtimeSTT initialization completed successfully
2025-10-23 21:04:34.389 - RealTimeSTT: realtimestt - INFO - Setting listen time
2025-10-23 21:04:34.389 - RealTimeSTT: realtimestt - INFO - State changed from 'inactive' to 'listening'
2025-10-23 21:04:34.391 - RealTimeSTT: realtimestt - DEBUG - Waiting for recording start
2025-10-23 21:04:48.812 - RealTimeSTT: realtimestt - INFO - voice activity detected
2025-10-23 21:04:48.812 - RealTimeSTT: realtimestt - INFO - recording started
2025-10-23 21:04:48.812 - RealTimeSTT: realtimestt - INFO - State changed from 'listening' to 'recording'
2025-10-23 21:04:48.813 - RealTimeSTT: realtimestt - DEBUG - Waiting for recording stop
2025-10-23 21:04:50.412 - RealTimeSTT: realtimestt - INFO - recording stopped
2025-10-23 21:04:50.413 - RealTimeSTT: realtimestt - DEBUG - No samples removed, final audio length: 41984
2025-10-23 21:04:50.413 - RealTimeSTT: realtimestt - INFO - State changed from 'recording' to 'inactive'
2025-10-23 21:04:50.425 - RealTimeSTT: realtimestt - INFO - State changed from 'inactive' to 'transcribing'
2025-10-23 21:04:50.426 - RealTimeSTT: realtimestt - DEBUG - Adding transcription request, no early transcription started
2025-10-23 21:04:50.426 - RealTimeSTT: realtimestt - DEBUG - Receive from parent_transcription_pipe after sendiung transcription request, transcribe_count: 1
2025-10-23 21:04:50.538 - RealTimeSTT: realtimestt - DEBUG - Receive from parent_transcription_pipe after sendiung transcription request, transcribe_count: 1
2025-10-23 21:04:50.648 - RealTimeSTT: realtimestt - DEBUG - Receive from parent_transcription_pipe after sendiung transcription request, transcribe_count: 1
2025-10-23 21:04:50.758 - RealTimeSTT: realtimestt - DEBUG - Receive from parent_transcription_pipe after sendiung transcription request, transcribe_count: 1
2025-10-23 21:04:50.867 - RealTimeSTT: realtimestt - DEBUG - Receive from parent_transcription_pipe after sendiung transcription request, transcribe_count: 1
2025-10-23 21:04:50.976 - RealTimeSTT: realtimestt - DEBUG - Receive from parent_transcription_pipe after sendiung transcription request, transcribe_count: 1
2025-10-23 21:04:50.991 - RealTimeSTT: realtimestt - INFO - State changed from 'transcribing' to 'inactive'
2025-10-23 21:04:51.032 - RealTimeSTT: realtimestt - DEBUG - Model tiny completed transcription in 0.61 seconds
2025-10-23 21:04:51.033 - RealTimeSTT: realtimestt - INFO - Setting listen time
2025-10-23 21:04:51.033 - RealTimeSTT: realtimestt - INFO - State changed from 'inactive' to 'listening'
2025-10-23 21:04:51.036 - RealTimeSTT: realtimestt - DEBUG - Waiting for recording start
2025-10-23 21:04:51.122 - RealTimeSTT: realtimestt - INFO - voice activity detected
2025-10-23 21:04:51.122 - RealTimeSTT: realtimestt - INFO - recording started
2025-10-23 21:04:51.122 - RealTimeSTT: realtimestt - INFO - State changed from 'listening' to 'recording'
2025-10-23 21:04:51.123 - RealTimeSTT: realtimestt - DEBUG - Waiting for recording stop
2025-10-23 21:04:53.742 - RealTimeSTT: realtimestt - INFO - recording stopped
2025-10-23 21:04:53.743 - RealTimeSTT: realtimestt - DEBUG - No samples removed, final audio length: 58368
2025-10-23 21:04:53.743 - RealTimeSTT: realtimestt - INFO - State changed from 'recording' to 'inactive'
2025-10-23 21:04:53.797 - RealTimeSTT: realtimestt - INFO - State changed from 'inactive' to 'transcribing'
2025-10-23 21:04:53.798 - RealTimeSTT: realtimestt - DEBUG - Adding transcription request, no early transcription started
2025-10-23 21:04:53.798 - RealTimeSTT: realtimestt - DEBUG - Receive from parent_transcription_pipe after sendiung transcription request, transcribe_count: 1
2025-10-23 21:04:53.910 - RealTimeSTT: realtimestt - DEBUG - Receive from parent_transcription_pipe after sendiung transcription request, transcribe_count: 1
2025-10-23 21:04:54.020 - RealTimeSTT: realtimestt - DEBUG - Receive from parent_transcription_pipe after sendiung transcription request, transcribe_count: 1
2025-10-23 21:04:54.130 - RealTimeSTT: realtimestt - DEBUG - Receive from parent_transcription_pipe after sendiung transcription request, transcribe_count: 1
2025-10-23 21:04:54.239 - RealTimeSTT: realtimestt - DEBUG - Receive from parent_transcription_pipe after sendiung transcription request, transcribe_count: 1
2025-10-23 21:04:54.349 - RealTimeSTT: realtimestt - DEBUG - Receive from parent_transcription_pipe after sendiung transcription request, transcribe_count: 1
2025-10-23 21:04:54.374 - RealTimeSTT: realtimestt - INFO - State changed from 'transcribing' to 'inactive'
2025-10-23 21:04:54.404 - RealTimeSTT: realtimestt - DEBUG - Model tiny completed transcription in 0.61 seconds
2025-10-23 21:04:54.404 - RealTimeSTT: realtimestt - INFO - Setting listen time
2025-10-23 21:04:54.404 - RealTimeSTT: realtimestt - INFO - State changed from 'inactive' to 'listening'
2025-10-23 21:04:54.406 - RealTimeSTT: realtimestt - DEBUG - Waiting for recording start
2025-10-23 21:05:04.813 - RealTimeSTT: realtimestt - INFO - voice activity detected
2025-10-23 21:05:04.813 - RealTimeSTT: realtimestt - INFO - recording started
2025-10-23 21:05:04.813 - RealTimeSTT: realtimestt - INFO - State changed from 'listening' to 'recording'
2025-10-23 21:05:04.813 - RealTimeSTT: realtimestt - DEBUG - Waiting for recording stop
2025-10-23 21:05:08.272 - RealTimeSTT: realtimestt - INFO - recording stopped
2025-10-23 21:05:08.273 - RealTimeSTT: realtimestt - DEBUG - No samples removed, final audio length: 71680
2025-10-23 21:05:08.273 - RealTimeSTT: realtimestt - INFO - State changed from 'recording' to 'inactive'
2025-10-23 21:05:08.342 - RealTimeSTT: realtimestt - INFO - State changed from 'inactive' to 'transcribing'
2025-10-23 21:05:08.343 - RealTimeSTT: realtimestt - DEBUG - Adding transcription request, no early transcription started
2025-10-23 21:05:08.343 - RealTimeSTT: realtimestt - DEBUG - Receive from parent_transcription_pipe after sendiung transcription request, transcribe_count: 1
2025-10-23 21:05:08.446 - RealTimeSTT: realtimestt - DEBUG - Receive from parent_transcription_pipe after sendiung transcription request, transcribe_count: 1
2025-10-23 21:05:08.557 - RealTimeSTT: realtimestt - DEBUG - Receive from parent_transcription_pipe after sendiung transcription request, transcribe_count: 1
2025-10-23 21:05:08.666 - RealTimeSTT: realtimestt - DEBUG - Receive from parent_transcription_pipe after sendiung transcription request, transcribe_count: 1
2025-10-23 21:05:08.778 - RealTimeSTT: realtimestt - DEBUG - Receive from parent_transcription_pipe after sendiung transcription request, transcribe_count: 1
2025-10-23 21:05:08.888 - RealTimeSTT: realtimestt - DEBUG - Receive from parent_transcription_pipe after sendiung transcription request, transcribe_count: 1
2025-10-23 21:05:08.910 - RealTimeSTT: realtimestt - INFO - State changed from 'transcribing' to 'inactive'
2025-10-23 21:05:08.949 - RealTimeSTT: realtimestt - DEBUG - Model tiny completed transcription in 0.61 seconds
2025-10-23 21:05:08.950 - RealTimeSTT: realtimestt - INFO - Setting listen time
2025-10-23 21:05:08.950 - RealTimeSTT: realtimestt - INFO - State changed from 'inactive' to 'listening'
2025-10-23 21:05:08.952 - RealTimeSTT: realtimestt - DEBUG - Waiting for recording start
2025-10-23 21:05:45.841 - RealTimeSTT: realtimestt - INFO - KeyboardInterrupt in wait_audio, shutting down
2025-10-23 21:05:45.841 - RealTimeSTT: realtimestt - DEBUG - Finishing recording thread
2025-10-23 21:05:45.857 - RealTimeSTT: realtimestt - DEBUG - Terminating reader process
2025-10-23 21:05:46.142 - RealTimeSTT: realtimestt - DEBUG - Terminating transcription process
2025-10-23 21:05:46.233 - RealTimeSTT: realtimestt - DEBUG - Finishing realtime thread
2025-10-23 21:05:46.277 - RealTimeSTT: realtimestt - INFO - KeyboardInterrupt in text() method
2025-10-23 21:06:34.575 - RealTimeSTT: realtimestt - INFO - Starting RealTimeSTT
2025-10-23 21:06:34.581 - RealTimeSTT: realtimestt - INFO - Initializing audio recording (creating pyAudio input stream, sample rate: 16000 buffer size: 512
2025-10-23 21:06:34.585 - RealTimeSTT: realtimestt - INFO - Initializing WebRTC voice with Sensitivity 3
2025-10-23 21:06:34.585 - RealTimeSTT: realtimestt - DEBUG - WebRTC VAD voice activity detection engine initialized successfully
2025-10-23 21:06:35.750 - RealTimeSTT: realtimestt - DEBUG - Silero VAD voice activity detection engine initialized successfully
2025-10-23 21:06:35.751 - RealTimeSTT: realtimestt - DEBUG - Starting realtime worker
2025-10-23 21:06:35.751 - RealTimeSTT: realtimestt - DEBUG - Waiting for main transcription model to start
2025-10-23 21:06:40.642 - RealTimeSTT: realtimestt - DEBUG - Main transcription model ready
2025-10-23 21:06:40.642 - RealTimeSTT: realtimestt - DEBUG - RealtimeSTT initialization completed successfully
2025-10-23 21:06:41.565 - RealTimeSTT: realtimestt - INFO - Setting listen time
2025-10-23 21:06:41.565 - RealTimeSTT: realtimestt - INFO - State changed from 'inactive' to 'listening'
2025-10-23 21:06:41.567 - RealTimeSTT: realtimestt - DEBUG - Waiting for recording start
2025-10-23 21:06:43.356 - RealTimeSTT: realtimestt - INFO - voice activity detected
2025-10-23 21:06:43.357 - RealTimeSTT: realtimestt - INFO - recording started
2025-10-23 21:06:43.357 - RealTimeSTT: realtimestt - INFO - State changed from 'listening' to 'recording'
2025-10-23 21:06:43.357 - RealTimeSTT: realtimestt - DEBUG - Waiting for recording stop
2025-10-23 21:06:44.957 - RealTimeSTT: realtimestt - INFO - recording stopped
2025-10-23 21:06:44.958 - RealTimeSTT: realtimestt - DEBUG - No samples removed, final audio length: 41984
2025-10-23 21:06:44.958 - RealTimeSTT: realtimestt - INFO - State changed from 'recording' to 'inactive'
2025-10-23 21:06:44.977 - RealTimeSTT: realtimestt - INFO - State changed from 'inactive' to 'transcribing'
2025-10-23 21:06:44.978 - RealTimeSTT: realtimestt - DEBUG - Adding transcription request, no early transcription started
2025-10-23 21:06:44.990 - RealTimeSTT: realtimestt - DEBUG - Receive from parent_transcription_pipe after sendiung transcription request, transcribe_count: 1
2025-10-23 21:06:45.094 - RealTimeSTT: realtimestt - DEBUG - Receive from parent_transcription_pipe after sendiung transcription request, transcribe_count: 1
2025-10-23 21:06:45.205 - RealTimeSTT: realtimestt - DEBUG - Receive from parent_transcription_pipe after sendiung transcription request, transcribe_count: 1
2025-10-23 21:06:45.313 - RealTimeSTT: realtimestt - DEBUG - Receive from parent_transcription_pipe after sendiung transcription request, transcribe_count: 1
2025-10-23 21:06:45.422 - RealTimeSTT: realtimestt - DEBUG - Receive from parent_transcription_pipe after sendiung transcription request, transcribe_count: 1
2025-10-23 21:06:45.531 - RealTimeSTT: realtimestt - DEBUG - Receive from parent_transcription_pipe after sendiung transcription request, transcribe_count: 1
2025-10-23 21:06:45.553 - RealTimeSTT: realtimestt - INFO - State changed from 'transcribing' to 'inactive'
2025-10-23 21:06:45.585 - RealTimeSTT: realtimestt - DEBUG - Model tiny completed transcription in 0.61 seconds
2025-10-23 21:06:45.586 - RealTimeSTT: realtimestt - INFO - Setting listen time
2025-10-23 21:06:45.586 - RealTimeSTT: realtimestt - INFO - State changed from 'inactive' to 'listening'
2025-10-23 21:06:45.587 - RealTimeSTT: realtimestt - DEBUG - Waiting for recording start
2025-10-23 21:06:45.726 - RealTimeSTT: realtimestt - INFO - voice activity detected
2025-10-23 21:06:45.726 - RealTimeSTT: realtimestt - INFO - recording started
2025-10-23 21:06:45.726 - RealTimeSTT: realtimestt - INFO - State changed from 'listening' to 'recording'
2025-10-23 21:06:45.727 - RealTimeSTT: realtimestt - DEBUG - Waiting for recording stop
2025-10-23 21:06:48.286 - RealTimeSTT: realtimestt - INFO - recording stopped
2025-10-23 21:06:48.287 - RealTimeSTT: realtimestt - DEBUG - No samples removed, final audio length: 57344
2025-10-23 21:06:48.287 - RealTimeSTT: realtimestt - INFO - State changed from 'recording' to 'inactive'
2025-10-23 21:06:48.348 - RealTimeSTT: realtimestt - INFO - State changed from 'inactive' to 'transcribing'
2025-10-23 21:06:48.349 - RealTimeSTT: realtimestt - DEBUG - Adding transcription request, no early transcription started
2025-10-23 21:06:48.349 - RealTimeSTT: realtimestt - DEBUG - Receive from parent_transcription_pipe after sendiung transcription request, transcribe_count: 1
2025-10-23 21:06:48.460 - RealTimeSTT: realtimestt - DEBUG - Receive from parent_transcription_pipe after sendiung transcription request, transcribe_count: 1
2025-10-23 21:06:48.569 - RealTimeSTT: realtimestt - DEBUG - Receive from parent_transcription_pipe after sendiung transcription request, transcribe_count: 1
2025-10-23 21:06:48.678 - RealTimeSTT: realtimestt - DEBUG - Receive from parent_transcription_pipe after sendiung transcription request, transcribe_count: 1
2025-10-23 21:06:48.788 - RealTimeSTT: realtimestt - DEBUG - Receive from parent_transcription_pipe after sendiung transcription request, transcribe_count: 1
2025-10-23 21:06:48.897 - RealTimeSTT: realtimestt - DEBUG - Receive from parent_transcription_pipe after sendiung transcription request, transcribe_count: 1
2025-10-23 21:06:48.919 - RealTimeSTT: realtimestt - INFO - State changed from 'transcribing' to 'inactive'
2025-10-23 21:06:48.955 - RealTimeSTT: realtimestt - DEBUG - Model tiny completed transcription in 0.61 seconds
2025-10-23 21:06:48.956 - RealTimeSTT: realtimestt - INFO - Setting listen time
2025-10-23 21:06:48.956 - RealTimeSTT: realtimestt - INFO - State changed from 'inactive' to 'listening'
2025-10-23 21:06:48.958 - RealTimeSTT: realtimestt - DEBUG - Waiting for recording start
2025-10-23 21:07:18.659 - RealTimeSTT: realtimestt - INFO - KeyboardInterrupt in wait_audio, shutting down
2025-10-23 21:07:18.659 - RealTimeSTT: realtimestt - DEBUG - Finishing recording thread
2025-10-23 21:07:18.674 - RealTimeSTT: realtimestt - DEBUG - Terminating reader process
2025-10-23 21:07:18.985 - RealTimeSTT: realtimestt - DEBUG - Terminating transcription process
2025-10-23 21:07:19.046 - RealTimeSTT: realtimestt - DEBUG - Finishing realtime thread
2025-10-23 21:07:19.091 - RealTimeSTT: realtimestt - INFO - KeyboardInterrupt in text() method
2025-10-23 21:07:23.851 - RealTimeSTT: realtimestt - INFO - Starting RealTimeSTT
2025-10-23 21:07:23.857 - RealTimeSTT: realtimestt - INFO - Initializing audio recording (creating pyAudio input stream, sample rate: 16000 buffer size: 512
2025-10-23 21:07:23.860 - RealTimeSTT: realtimestt - INFO - Initializing WebRTC voice with Sensitivity 3
2025-10-23 21:07:23.861 - RealTimeSTT: realtimestt - DEBUG - WebRTC VAD voice activity detection engine initialized successfully
2025-10-23 21:07:25.042 - RealTimeSTT: realtimestt - DEBUG - Silero VAD voice activity detection engine initialized successfully
2025-10-23 21:07:25.044 - RealTimeSTT: realtimestt - DEBUG - Starting realtime worker
2025-10-23 21:07:25.044 - RealTimeSTT: realtimestt - DEBUG - Waiting for main transcription model to start
2025-10-23 21:07:30.073 - RealTimeSTT: realtimestt - DEBUG - Main transcription model ready
2025-10-23 21:07:30.074 - RealTimeSTT: realtimestt - DEBUG - RealtimeSTT initialization completed successfully
2025-10-23 21:07:31.119 - RealTimeSTT: realtimestt - INFO - Setting listen time
2025-10-23 21:07:31.119 - RealTimeSTT: realtimestt - INFO - State changed from 'inactive' to 'listening'
2025-10-23 21:07:31.121 - RealTimeSTT: realtimestt - DEBUG - Waiting for recording start
2025-10-23 21:07:32.513 - RealTimeSTT: realtimestt - INFO - voice activity detected
2025-10-23 21:07:32.513 - RealTimeSTT: realtimestt - INFO - recording started
2025-10-23 21:07:32.513 - RealTimeSTT: realtimestt - INFO - State changed from 'listening' to 'recording'
2025-10-23 21:07:32.513 - RealTimeSTT: realtimestt - DEBUG - Waiting for recording stop
2025-10-23 21:07:35.972 - RealTimeSTT: realtimestt - INFO - recording stopped
2025-10-23 21:07:35.973 - RealTimeSTT: realtimestt - DEBUG - No samples removed, final audio length: 71680
2025-10-23 21:07:35.974 - RealTimeSTT: realtimestt - INFO - State changed from 'recording' to 'inactive'
2025-10-23 21:07:36.038 - RealTimeSTT: realtimestt - INFO - State changed from 'inactive' to 'transcribing'
2025-10-23 21:07:36.039 - RealTimeSTT: realtimestt - DEBUG - Adding transcription request, no early transcription started
2025-10-23 21:07:36.051 - RealTimeSTT: realtimestt - DEBUG - Receive from parent_transcription_pipe after sendiung transcription request, transcribe_count: 1
2025-10-23 21:07:36.156 - RealTimeSTT: realtimestt - DEBUG - Receive from parent_transcription_pipe after sendiung transcription request, transcribe_count: 1
2025-10-23 21:07:36.265 - RealTimeSTT: realtimestt - DEBUG - Receive from parent_transcription_pipe after sendiung transcription request, transcribe_count: 1
2025-10-23 21:07:36.375 - RealTimeSTT: realtimestt - DEBUG - Receive from parent_transcription_pipe after sendiung transcription request, transcribe_count: 1
2025-10-23 21:07:36.484 - RealTimeSTT: realtimestt - DEBUG - Receive from parent_transcription_pipe after sendiung transcription request, transcribe_count: 1
2025-10-23 21:07:36.595 - RealTimeSTT: realtimestt - DEBUG - Receive from parent_transcription_pipe after sendiung transcription request, transcribe_count: 1
2025-10-23 21:07:36.636 - RealTimeSTT: realtimestt - INFO - State changed from 'transcribing' to 'inactive'
2025-10-23 21:07:36.646 - RealTimeSTT: realtimestt - DEBUG - Model tiny completed transcription in 0.61 seconds
2025-10-23 21:07:36.646 - RealTimeSTT: realtimestt - INFO - Setting listen time
2025-10-23 21:07:36.646 - RealTimeSTT: realtimestt - INFO - State changed from 'inactive' to 'listening'
2025-10-23 21:07:36.648 - RealTimeSTT: realtimestt - DEBUG - Waiting for recording start
2025-10-24 16:59:20.219 - RealTimeSTT: realtimestt - INFO - Starting RealTimeSTT
2025-10-24 16:59:20.226 - RealTimeSTT: realtimestt - INFO - Initializing audio recording (creating pyAudio input stream, sample rate: 16000 buffer size: 512
2025-10-24 16:59:20.229 - RealTimeSTT: realtimestt - INFO - Initializing WebRTC voice with Sensitivity 3
2025-10-24 16:59:20.229 - RealTimeSTT: realtimestt - DEBUG - WebRTC VAD voice activity detection engine initialized successfully
2025-10-24 16:59:20.826 - RealTimeSTT: realtimestt - DEBUG - Silero VAD voice activity detection engine initialized successfully
2025-10-24 16:59:20.827 - RealTimeSTT: realtimestt - DEBUG - Starting realtime worker
2025-10-24 16:59:20.827 - RealTimeSTT: realtimestt - DEBUG - Waiting for main transcription model to start
2025-10-24 16:59:24.891 - RealTimeSTT: realtimestt - DEBUG - Main transcription model ready
2025-10-24 16:59:24.892 - RealTimeSTT: realtimestt - DEBUG - RealtimeSTT initialization completed successfully
2025-10-24 16:59:59.804 - RealTimeSTT: realtimestt - INFO - Starting RealTimeSTT
2025-10-24 16:59:59.809 - RealTimeSTT: realtimestt - INFO - Initializing audio recording (creating pyAudio input stream, sample rate: 16000 buffer size: 512
2025-10-24 16:59:59.813 - RealTimeSTT: realtimestt - INFO - Initializing WebRTC voice with Sensitivity 3
2025-10-24 16:59:59.813 - RealTimeSTT: realtimestt - DEBUG - WebRTC VAD voice activity detection engine initialized successfully
2025-10-24 17:00:00.309 - RealTimeSTT: realtimestt - DEBUG - Silero VAD voice activity detection engine initialized successfully
2025-10-24 17:00:00.310 - RealTimeSTT: realtimestt - DEBUG - Starting realtime worker
2025-10-24 17:00:00.311 - RealTimeSTT: realtimestt - DEBUG - Waiting for main transcription model to start
2025-10-24 17:00:04.617 - RealTimeSTT: realtimestt - DEBUG - Main transcription model ready
2025-10-24 17:00:04.617 - RealTimeSTT: realtimestt - DEBUG - RealtimeSTT initialization completed successfully
2025-10-24 17:00:35.425 - RealTimeSTT: realtimestt - INFO - Starting RealTimeSTT
2025-10-24 17:00:35.431 - RealTimeSTT: realtimestt - INFO - Initializing audio recording (creating pyAudio input stream, sample rate: 16000 buffer size: 512
2025-10-24 17:00:35.434 - RealTimeSTT: realtimestt - INFO - Initializing WebRTC voice with Sensitivity 3
2025-10-24 17:00:35.434 - RealTimeSTT: realtimestt - DEBUG - WebRTC VAD voice activity detection engine initialized successfully
2025-10-24 17:00:36.039 - RealTimeSTT: realtimestt - DEBUG - Silero VAD voice activity detection engine initialized successfully
2025-10-24 17:00:36.040 - RealTimeSTT: realtimestt - DEBUG - Starting realtime worker
2025-10-24 17:00:36.040 - RealTimeSTT: realtimestt - DEBUG - Waiting for main transcription model to start
2025-10-24 17:00:39.488 - RealTimeSTT: realtimestt - DEBUG - Main transcription model ready
2025-10-24 17:00:39.489 - RealTimeSTT: realtimestt - DEBUG - RealtimeSTT initialization completed successfully
2025-10-24 17:01:01.209 - RealTimeSTT: realtimestt - INFO - Starting RealTimeSTT
2025-10-24 17:01:01.215 - RealTimeSTT: realtimestt - INFO - Initializing audio recording (creating pyAudio input stream, sample rate: 16000 buffer size: 512
2025-10-24 17:01:01.218 - RealTimeSTT: realtimestt - INFO - Initializing WebRTC voice with Sensitivity 3
2025-10-24 17:01:01.219 - RealTimeSTT: realtimestt - DEBUG - WebRTC VAD voice activity detection engine initialized successfully
2025-10-24 17:01:01.724 - RealTimeSTT: realtimestt - DEBUG - Silero VAD voice activity detection engine initialized successfully
2025-10-24 17:01:01.725 - RealTimeSTT: realtimestt - DEBUG - Starting realtime worker
2025-10-24 17:01:01.725 - RealTimeSTT: realtimestt - DEBUG - Waiting for main transcription model to start
2025-10-24 17:01:05.260 - RealTimeSTT: realtimestt - DEBUG - Main transcription model ready
2025-10-24 17:01:05.261 - RealTimeSTT: realtimestt - DEBUG - RealtimeSTT initialization completed successfully
2025-10-24 17:01:06.273 - RealTimeSTT: realtimestt - INFO - Setting listen time
2025-10-24 17:01:06.273 - RealTimeSTT: realtimestt - INFO - State changed from 'inactive' to 'listening'
2025-10-24 17:01:06.275 - RealTimeSTT: realtimestt - DEBUG - Waiting for recording start
2025-10-24 17:01:28.350 - RealTimeSTT: realtimestt - INFO - voice activity detected
2025-10-24 17:01:28.351 - RealTimeSTT: realtimestt - INFO - recording started
2025-10-24 17:01:28.351 - RealTimeSTT: realtimestt - INFO - State changed from 'listening' to 'recording'
2025-10-24 17:01:28.351 - RealTimeSTT: realtimestt - DEBUG - Waiting for recording stop
2025-10-24 17:01:30.910 - RealTimeSTT: realtimestt - INFO - recording stopped
2025-10-24 17:01:30.911 - RealTimeSTT: realtimestt - DEBUG - No samples removed, final audio length: 57344
2025-10-24 17:01:30.912 - RealTimeSTT: realtimestt - INFO - State changed from 'recording' to 'inactive'
2025-10-24 17:01:30.978 - RealTimeSTT: realtimestt - INFO - State changed from 'inactive' to 'transcribing'
2025-10-24 17:01:30.980 - RealTimeSTT: realtimestt - DEBUG - Adding transcription request, no early transcription started
2025-10-24 17:01:30.987 - RealTimeSTT: realtimestt - DEBUG - Receive from parent_transcription_pipe after sendiung transcription request, transcribe_count: 1
2025-10-24 17:01:31.093 - RealTimeSTT: realtimestt - DEBUG - Receive from parent_transcription_pipe after sendiung transcription request, transcribe_count: 1
2025-10-24 17:01:31.203 - RealTimeSTT: realtimestt - DEBUG - Receive from parent_transcription_pipe after sendiung transcription request, transcribe_count: 1
2025-10-24 17:01:31.313 - RealTimeSTT: realtimestt - DEBUG - Receive from parent_transcription_pipe after sendiung transcription request, transcribe_count: 1
2025-10-24 17:01:31.422 - RealTimeSTT: realtimestt - DEBUG - Receive from parent_transcription_pipe after sendiung transcription request, transcribe_count: 1
2025-10-24 17:01:31.451 - RealTimeSTT: realtimestt - INFO - State changed from 'transcribing' to 'inactive'
2025-10-24 17:01:31.487 - RealTimeSTT: realtimestt - DEBUG - Model tiny completed transcription in 0.51 seconds
2025-10-24 17:01:31.487 - RealTimeSTT: realtimestt - INFO - Setting listen time
2025-10-24 17:01:31.488 - RealTimeSTT: realtimestt - INFO - State changed from 'inactive' to 'listening'
2025-10-24 17:01:31.490 - RealTimeSTT: realtimestt - DEBUG - Waiting for recording start
2025-10-24 17:01:34.241 - RealTimeSTT: realtimestt - INFO - voice activity detected
2025-10-24 17:01:34.241 - RealTimeSTT: realtimestt - INFO - recording started
2025-10-24 17:01:34.241 - RealTimeSTT: realtimestt - INFO - State changed from 'listening' to 'recording'
2025-10-24 17:01:34.241 - RealTimeSTT: realtimestt - DEBUG - Waiting for recording stop
2025-10-24 17:01:36.481 - RealTimeSTT: realtimestt - INFO - recording stopped
2025-10-24 17:01:36.481 - RealTimeSTT: realtimestt - DEBUG - No samples removed, final audio length: 52224
2025-10-24 17:01:36.481 - RealTimeSTT: realtimestt - INFO - State changed from 'recording' to 'inactive'
2025-10-24 17:01:36.555 - RealTimeSTT: realtimestt - INFO - State changed from 'inactive' to 'transcribing'
2025-10-24 17:01:36.556 - RealTimeSTT: realtimestt - DEBUG - Adding transcription request, no early transcription started
2025-10-24 17:01:36.575 - RealTimeSTT: realtimestt - DEBUG - Receive from parent_transcription_pipe after sendiung transcription request, transcribe_count: 1
2025-10-24 17:01:36.680 - RealTimeSTT: realtimestt - DEBUG - Receive from parent_transcription_pipe after sendiung transcription request, transcribe_count: 1
2025-10-24 17:01:36.788 - RealTimeSTT: realtimestt - DEBUG - Receive from parent_transcription_pipe after sendiung transcription request, transcribe_count: 1
2025-10-24 17:01:36.896 - RealTimeSTT: realtimestt - DEBUG - Receive from parent_transcription_pipe after sendiung transcription request, transcribe_count: 1
2025-10-24 17:01:37.006 - RealTimeSTT: realtimestt - DEBUG - Receive from parent_transcription_pipe after sendiung transcription request, transcribe_count: 1
2025-10-24 17:01:37.067 - RealTimeSTT: realtimestt - INFO - State changed from 'transcribing' to 'inactive'
2025-10-24 17:01:37.114 - RealTimeSTT: realtimestt - DEBUG - Model tiny completed transcription in 0.56 seconds
2025-10-24 17:01:37.114 - RealTimeSTT: realtimestt - INFO - Setting listen time
2025-10-24 17:01:37.114 - RealTimeSTT: realtimestt - INFO - State changed from 'inactive' to 'listening'
2025-10-24 17:01:37.116 - RealTimeSTT: realtimestt - DEBUG - Waiting for recording start
2025-10-24 17:01:40.369 - RealTimeSTT: realtimestt - INFO - voice activity detected
2025-10-24 17:01:40.369 - RealTimeSTT: realtimestt - INFO - recording started
2025-10-24 17:01:40.369 - RealTimeSTT: realtimestt - INFO - State changed from 'listening' to 'recording'
2025-10-24 17:01:40.369 - RealTimeSTT: realtimestt - DEBUG - Waiting for recording stop
2025-10-24 17:01:41.540 - RealTimeSTT: realtimestt - INFO - recording stopped
2025-10-24 17:01:41.541 - RealTimeSTT: realtimestt - DEBUG - No samples removed, final audio length: 54272
2025-10-24 17:01:41.541 - RealTimeSTT: realtimestt - INFO - State changed from 'recording' to 'inactive'
2025-10-24 17:01:41.624 - RealTimeSTT: realtimestt - INFO - State changed from 'inactive' to 'transcribing'
2025-10-24 17:01:41.625 - RealTimeSTT: realtimestt - DEBUG - Adding transcription request, no early transcription started
2025-10-24 17:01:41.626 - RealTimeSTT: realtimestt - DEBUG - Receive from parent_transcription_pipe after sendiung transcription request, transcribe_count: 1
2025-10-24 17:01:41.726 - RealTimeSTT: realtimestt - DEBUG - Receive from parent_transcription_pipe after sendiung transcription request, transcribe_count: 1
2025-10-24 17:01:41.835 - RealTimeSTT: realtimestt - DEBUG - Receive from parent_transcription_pipe after sendiung transcription request, transcribe_count: 1
2025-10-24 17:01:41.944 - RealTimeSTT: realtimestt - DEBUG - Receive from parent_transcription_pipe after sendiung transcription request, transcribe_count: 1
2025-10-24 17:01:42.052 - RealTimeSTT: realtimestt - DEBUG - Receive from parent_transcription_pipe after sendiung transcription request, transcribe_count: 1
2025-10-24 17:01:42.083 - RealTimeSTT: realtimestt - INFO - State changed from 'transcribing' to 'inactive'
2025-10-24 17:01:42.132 - RealTimeSTT: realtimestt - DEBUG - Model tiny completed transcription in 0.51 seconds
2025-10-24 17:01:42.132 - RealTimeSTT: realtimestt - INFO - Setting listen time
2025-10-24 17:01:42.132 - RealTimeSTT: realtimestt - INFO - State changed from 'inactive' to 'listening'
2025-10-24 17:01:42.134 - RealTimeSTT: realtimestt - DEBUG - Waiting for recording start
2025-10-24 17:01:42.300 - RealTimeSTT: realtimestt - INFO - voice activity detected
2025-10-24 17:01:42.300 - RealTimeSTT: realtimestt - INFO - recording started
2025-10-24 17:01:42.300 - RealTimeSTT: realtimestt - INFO - State changed from 'listening' to 'recording'
2025-10-24 17:01:42.301 - RealTimeSTT: realtimestt - DEBUG - Waiting for recording stop
2025-10-24 17:01:43.781 - RealTimeSTT: realtimestt - INFO - recording stopped
2025-10-24 17:01:43.781 - RealTimeSTT: realtimestt - DEBUG - No samples removed, final audio length: 39936
2025-10-24 17:01:43.782 - RealTimeSTT: realtimestt - INFO - State changed from 'recording' to 'inactive'
2025-10-24 17:01:43.792 - RealTimeSTT: realtimestt - INFO - State changed from 'inactive' to 'transcribing'
2025-10-24 17:01:43.793 - RealTimeSTT: realtimestt - DEBUG - Adding transcription request, no early transcription started
2025-10-24 17:01:43.801 - RealTimeSTT: realtimestt - DEBUG - Receive from parent_transcription_pipe after sendiung transcription request, transcribe_count: 1
2025-10-24 17:01:43.907 - RealTimeSTT: realtimestt - DEBUG - Receive from parent_transcription_pipe after sendiung transcription request, transcribe_count: 1
2025-10-24 17:01:44.016 - RealTimeSTT: realtimestt - DEBUG - Receive from parent_transcription_pipe after sendiung transcription request, transcribe_count: 1
2025-10-24 17:01:44.125 - RealTimeSTT: realtimestt - DEBUG - Receive from parent_transcription_pipe after sendiung transcription request, transcribe_count: 1
2025-10-24 17:01:44.233 - RealTimeSTT: realtimestt - DEBUG - Receive from parent_transcription_pipe after sendiung transcription request, transcribe_count: 1
2025-10-24 17:01:44.234 - RealTimeSTT: realtimestt - INFO - State changed from 'transcribing' to 'inactive'
2025-10-24 17:01:44.249 - RealTimeSTT: realtimestt - DEBUG - Model tiny completed transcription in 0.46 seconds
2025-10-24 17:01:44.250 - RealTimeSTT: realtimestt - INFO - Setting listen time
2025-10-24 17:01:44.250 - RealTimeSTT: realtimestt - INFO - State changed from 'inactive' to 'listening'
2025-10-24 17:01:44.252 - RealTimeSTT: realtimestt - DEBUG - Waiting for recording start
2025-10-24 17:01:44.421 - RealTimeSTT: realtimestt - INFO - voice activity detected
2025-10-24 17:01:44.421 - RealTimeSTT: realtimestt - INFO - recording started
2025-10-24 17:01:44.421 - RealTimeSTT: realtimestt - INFO - State changed from 'listening' to 'recording'
2025-10-24 17:01:44.421 - RealTimeSTT: realtimestt - DEBUG - Waiting for recording stop
2025-10-24 17:01:45.890 - RealTimeSTT: realtimestt - INFO - recording stopped
2025-10-24 17:01:45.891 - RealTimeSTT: realtimestt - DEBUG - No samples removed, final audio length: 39936
2025-10-24 17:01:45.891 - RealTimeSTT: realtimestt - INFO - State changed from 'recording' to 'inactive'
2025-10-24 17:01:45.910 - RealTimeSTT: realtimestt - INFO - State changed from 'inactive' to 'transcribing'
2025-10-24 17:01:45.911 - RealTimeSTT: realtimestt - DEBUG - Adding transcription request, no early transcription started
2025-10-24 17:01:45.928 - RealTimeSTT: realtimestt - DEBUG - Receive from parent_transcription_pipe after sendiung transcription request, transcribe_count: 1
2025-10-24 17:01:46.032 - RealTimeSTT: realtimestt - DEBUG - Receive from parent_transcription_pipe after sendiung transcription request, transcribe_count: 1
2025-10-24 17:01:46.142 - RealTimeSTT: realtimestt - DEBUG - Receive from parent_transcription_pipe after sendiung transcription request, transcribe_count: 1
2025-10-24 17:01:46.251 - RealTimeSTT: realtimestt - DEBUG - Receive from parent_transcription_pipe after sendiung transcription request, transcribe_count: 1
2025-10-24 17:01:46.338 - RealTimeSTT: realtimestt - INFO - State changed from 'transcribing' to 'inactive'
2025-10-24 17:01:46.366 - RealTimeSTT: realtimestt - DEBUG - Model tiny completed transcription in 0.46 seconds
2025-10-24 17:01:46.367 - RealTimeSTT: realtimestt - INFO - Setting listen time
2025-10-24 17:01:46.367 - RealTimeSTT: realtimestt - INFO - State changed from 'inactive' to 'listening'
2025-10-24 17:01:46.368 - RealTimeSTT: realtimestt - DEBUG - Waiting for recording start
2025-10-24 17:02:50.781 - RealTimeSTT: realtimestt - INFO - voice activity detected
2025-10-24 17:02:50.781 - RealTimeSTT: realtimestt - INFO - recording started
2025-10-24 17:02:50.781 - RealTimeSTT: realtimestt - INFO - State changed from 'listening' to 'recording'
2025-10-24 17:02:50.781 - RealTimeSTT: realtimestt - DEBUG - Waiting for recording stop
2025-10-24 17:02:51.941 - RealTimeSTT: realtimestt - INFO - recording stopped
2025-10-24 17:02:51.941 - RealTimeSTT: realtimestt - DEBUG - No samples removed, final audio length: 34816
2025-10-24 17:02:51.941 - RealTimeSTT: realtimestt - INFO - State changed from 'recording' to 'inactive'
2025-10-24 17:02:51.988 - RealTimeSTT: realtimestt - INFO - State changed from 'inactive' to 'transcribing'
2025-10-24 17:02:51.989 - RealTimeSTT: realtimestt - DEBUG - Adding transcription request, no early transcription started
2025-10-24 17:02:51.997 - RealTimeSTT: realtimestt - DEBUG - Receive from parent_transcription_pipe after sendiung transcription request, transcribe_count: 1
2025-10-24 17:02:52.102 - RealTimeSTT: realtimestt - DEBUG - Receive from parent_transcription_pipe after sendiung transcription request, transcribe_count: 1
2025-10-24 17:02:52.212 - RealTimeSTT: realtimestt - DEBUG - Receive from parent_transcription_pipe after sendiung transcription request, transcribe_count: 1
2025-10-24 17:02:52.321 - RealTimeSTT: realtimestt - DEBUG - Receive from parent_transcription_pipe after sendiung transcription request, transcribe_count: 1
2025-10-24 17:02:52.429 - RealTimeSTT: realtimestt - DEBUG - Receive from parent_transcription_pipe after sendiung transcription request, transcribe_count: 1
2025-10-24 17:02:52.514 - RealTimeSTT: realtimestt - INFO - State changed from 'transcribing' to 'inactive'
2025-10-24 17:02:52.545 - RealTimeSTT: realtimestt - DEBUG - Model tiny completed transcription in 0.56 seconds
2025-10-24 17:02:52.546 - RealTimeSTT: realtimestt - INFO - Setting listen time
2025-10-24 17:02:52.546 - RealTimeSTT: realtimestt - INFO - State changed from 'inactive' to 'listening'
2025-10-24 17:02:52.547 - RealTimeSTT: realtimestt - DEBUG - Waiting for recording start
2025-10-24 17:17:10.690 - RealTimeSTT: realtimestt - INFO - voice activity detected
2025-10-24 17:17:10.691 - RealTimeSTT: realtimestt - INFO - recording started
2025-10-24 17:17:10.691 - RealTimeSTT: realtimestt - INFO - State changed from 'listening' to 'recording'
2025-10-24 17:17:10.691 - RealTimeSTT: realtimestt - DEBUG - Waiting for recording stop
2025-10-24 17:17:12.101 - RealTimeSTT: realtimestt - INFO - recording stopped
2025-10-24 17:17:12.101 - RealTimeSTT: realtimestt - DEBUG - No samples removed, final audio length: 38912
2025-10-24 17:17:12.102 - RealTimeSTT: realtimestt - INFO - State changed from 'recording' to 'inactive'
2025-10-24 17:17:12.106 - RealTimeSTT: realtimestt - INFO - State changed from 'inactive' to 'transcribing'
2025-10-24 17:17:12.107 - RealTimeSTT: realtimestt - DEBUG - Adding transcription request, no early transcription started
2025-10-24 17:17:12.107 - RealTimeSTT: realtimestt - DEBUG - Receive from parent_transcription_pipe after sendiung transcription request, transcribe_count: 1
2025-10-24 17:17:12.219 - RealTimeSTT: realtimestt - DEBUG - Receive from parent_transcription_pipe after sendiung transcription request, transcribe_count: 1
2025-10-24 17:17:12.327 - RealTimeSTT: realtimestt - DEBUG - Receive from parent_transcription_pipe after sendiung transcription request, transcribe_count: 1
2025-10-24 17:17:12.436 - RealTimeSTT: realtimestt - DEBUG - Receive from parent_transcription_pipe after sendiung transcription request, transcribe_count: 1
2025-10-24 17:17:12.545 - RealTimeSTT: realtimestt - DEBUG - Receive from parent_transcription_pipe after sendiung transcription request, transcribe_count: 1
2025-10-24 17:17:12.636 - RealTimeSTT: realtimestt - INFO - State changed from 'transcribing' to 'inactive'
2025-10-24 17:17:12.663 - RealTimeSTT: realtimestt - DEBUG - Model tiny completed transcription in 0.56 seconds
2025-10-24 17:17:12.664 - RealTimeSTT: realtimestt - INFO - Setting listen time
2025-10-24 17:17:12.664 - RealTimeSTT: realtimestt - INFO - State changed from 'inactive' to 'listening'
2025-10-24 17:17:12.666 - RealTimeSTT: realtimestt - DEBUG - Waiting for recording start
2025-10-24 17:20:47.201 - RealTimeSTT: realtimestt - INFO - voice activity detected
2025-10-24 17:20:47.201 - RealTimeSTT: realtimestt - INFO - recording started
2025-10-24 17:20:47.201 - RealTimeSTT: realtimestt - INFO - State changed from 'listening' to 'recording'
2025-10-24 17:20:47.201 - RealTimeSTT: realtimestt - DEBUG - Waiting for recording stop
2025-10-24 17:20:48.351 - RealTimeSTT: realtimestt - INFO - recording stopped
2025-10-24 17:20:48.351 - RealTimeSTT: realtimestt - DEBUG - No samples removed, final audio length: 34816
2025-10-24 17:20:48.352 - RealTimeSTT: realtimestt - INFO - State changed from 'recording' to 'inactive'
2025-10-24 17:20:48.390 - RealTimeSTT: realtimestt - INFO - State changed from 'inactive' to 'transcribing'
2025-10-24 17:20:48.391 - RealTimeSTT: realtimestt - DEBUG - Adding transcription request, no early transcription started
2025-10-24 17:20:48.392 - RealTimeSTT: realtimestt - DEBUG - Receive from parent_transcription_pipe after sendiung transcription request, transcribe_count: 1
2025-10-24 17:20:48.507 - RealTimeSTT: realtimestt - DEBUG - Receive from parent_transcription_pipe after sendiung transcription request, transcribe_count: 1
2025-10-24 17:20:48.616 - RealTimeSTT: realtimestt - DEBUG - Receive from parent_transcription_pipe after sendiung transcription request, transcribe_count: 1
2025-10-24 17:20:48.726 - RealTimeSTT: realtimestt - DEBUG - Receive from parent_transcription_pipe after sendiung transcription request, transcribe_count: 1
2025-10-24 17:20:48.836 - RealTimeSTT: realtimestt - DEBUG - Receive from parent_transcription_pipe after sendiung transcription request, transcribe_count: 1
2025-10-24 17:20:48.940 - RealTimeSTT: realtimestt - INFO - State changed from 'transcribing' to 'inactive'
2025-10-24 17:20:48.949 - RealTimeSTT: realtimestt - DEBUG - Model tiny completed transcription in 0.56 seconds
2025-10-24 17:20:48.949 - RealTimeSTT: realtimestt - INFO - Setting listen time
2025-10-24 17:20:48.949 - RealTimeSTT: realtimestt - INFO - State changed from 'inactive' to 'listening'
2025-10-24 17:20:48.951 - RealTimeSTT: realtimestt - DEBUG - Waiting for recording start
2025-10-24 17:20:50.022 - RealTimeSTT: realtimestt - INFO - voice activity detected
2025-10-24 17:20:50.022 - RealTimeSTT: realtimestt - INFO - recording started
2025-10-24 17:20:50.022 - RealTimeSTT: realtimestt - INFO - State changed from 'listening' to 'recording'
2025-10-24 17:20:50.022 - RealTimeSTT: realtimestt - DEBUG - Waiting for recording stop
2025-10-24 17:20:51.491 - RealTimeSTT: realtimestt - INFO - recording stopped
2025-10-24 17:20:51.492 - RealTimeSTT: realtimestt - DEBUG - No samples removed, final audio length: 39936
2025-10-24 17:20:51.492 - RealTimeSTT: realtimestt - INFO - State changed from 'recording' to 'inactive'
2025-10-24 17:20:51.509 - RealTimeSTT: realtimestt - INFO - State changed from 'inactive' to 'transcribing'
2025-10-24 17:20:51.511 - RealTimeSTT: realtimestt - DEBUG - Adding transcription request, no early transcription started
2025-10-24 17:20:51.511 - RealTimeSTT: realtimestt - DEBUG - Receive from parent_transcription_pipe after sendiung transcription request, transcribe_count: 1
2025-10-24 17:20:51.615 - RealTimeSTT: realtimestt - DEBUG - Receive from parent_transcription_pipe after sendiung transcription request, transcribe_count: 1
2025-10-24 17:20:51.723 - RealTimeSTT: realtimestt - DEBUG - Receive from parent_transcription_pipe after sendiung transcription request, transcribe_count: 1
2025-10-24 17:20:51.833 - RealTimeSTT: realtimestt - DEBUG - Receive from parent_transcription_pipe after sendiung transcription request, transcribe_count: 1
2025-10-24 17:20:51.943 - RealTimeSTT: realtimestt - DEBUG - Receive from parent_transcription_pipe after sendiung transcription request, transcribe_count: 1
2025-10-24 17:20:52.053 - RealTimeSTT: realtimestt - DEBUG - Receive from parent_transcription_pipe after sendiung transcription request, transcribe_count: 1
2025-10-24 17:20:52.103 - RealTimeSTT: realtimestt - INFO - State changed from 'transcribing' to 'inactive'
2025-10-24 17:20:52.117 - RealTimeSTT: realtimestt - DEBUG - Model tiny completed transcription in 0.61 seconds
2025-10-24 17:20:52.118 - RealTimeSTT: realtimestt - INFO - Setting listen time
2025-10-24 17:20:52.118 - RealTimeSTT: realtimestt - INFO - State changed from 'inactive' to 'listening'
2025-10-24 17:20:52.120 - RealTimeSTT: realtimestt - DEBUG - Waiting for recording start
2025-10-24 17:21:15.301 - RealTimeSTT: realtimestt - INFO - voice activity detected
2025-10-24 17:21:15.301 - RealTimeSTT: realtimestt - INFO - recording started
2025-10-24 17:21:15.301 - RealTimeSTT: realtimestt - INFO - State changed from 'listening' to 'recording'
2025-10-24 17:21:15.301 - RealTimeSTT: realtimestt - DEBUG - Waiting for recording stop
2025-10-24 17:21:16.962 - RealTimeSTT: realtimestt - INFO - recording stopped
2025-10-24 17:21:16.962 - RealTimeSTT: realtimestt - DEBUG - No samples removed, final audio length: 43008
2025-10-24 17:21:16.962 - RealTimeSTT: realtimestt - INFO - State changed from 'recording' to 'inactive'
2025-10-24 17:21:17.018 - RealTimeSTT: realtimestt - INFO - State changed from 'inactive' to 'transcribing'
2025-10-24 17:21:17.019 - RealTimeSTT: realtimestt - DEBUG - Adding transcription request, no early transcription started
2025-10-24 17:21:17.020 - RealTimeSTT: realtimestt - DEBUG - Receive from parent_transcription_pipe after sendiung transcription request, transcribe_count: 1
2025-10-24 17:21:17.123 - RealTimeSTT: realtimestt - DEBUG - Receive from parent_transcription_pipe after sendiung transcription request, transcribe_count: 1
2025-10-24 17:21:17.233 - RealTimeSTT: realtimestt - DEBUG - Receive from parent_transcription_pipe after sendiung transcription request, transcribe_count: 1
2025-10-24 17:21:17.343 - RealTimeSTT: realtimestt - DEBUG - Receive from parent_transcription_pipe after sendiung transcription request, transcribe_count: 1
2025-10-24 17:21:17.452 - RealTimeSTT: realtimestt - DEBUG - Receive from parent_transcription_pipe after sendiung transcription request, transcribe_count: 1
2025-10-24 17:21:17.560 - RealTimeSTT: realtimestt - DEBUG - Receive from parent_transcription_pipe after sendiung transcription request, transcribe_count: 1
2025-10-24 17:21:17.608 - RealTimeSTT: realtimestt - INFO - State changed from 'transcribing' to 'inactive'
2025-10-24 17:21:17.627 - RealTimeSTT: realtimestt - DEBUG - Model tiny completed transcription in 0.61 seconds
2025-10-24 17:21:17.628 - RealTimeSTT: realtimestt - INFO - Setting listen time
2025-10-24 17:21:17.628 - RealTimeSTT: realtimestt - INFO - State changed from 'inactive' to 'listening'
2025-10-24 17:21:17.630 - RealTimeSTT: realtimestt - DEBUG - Waiting for recording start
2025-10-24 17:21:17.730 - RealTimeSTT: realtimestt - INFO - voice activity detected
2025-10-24 17:21:17.731 - RealTimeSTT: realtimestt - INFO - recording started
2025-10-24 17:21:17.731 - RealTimeSTT: realtimestt - INFO - State changed from 'listening' to 'recording'
2025-10-24 17:21:17.731 - RealTimeSTT: realtimestt - DEBUG - Waiting for recording stop
2025-10-24 17:21:18.881 - RealTimeSTT: realtimestt - INFO - recording stopped
2025-10-24 17:21:18.882 - RealTimeSTT: realtimestt - DEBUG - No samples removed, final audio length: 34816
2025-10-24 17:21:18.882 - RealTimeSTT: realtimestt - INFO - State changed from 'recording' to 'inactive'
2025-10-24 17:21:18.885 - RealTimeSTT: realtimestt - INFO - State changed from 'inactive' to 'transcribing'
2025-10-24 17:21:18.886 - RealTimeSTT: realtimestt - DEBUG - Adding transcription request, no early transcription started
2025-10-24 17:21:18.886 - RealTimeSTT: realtimestt - DEBUG - Receive from parent_transcription_pipe after sendiung transcription request, transcribe_count: 1
2025-10-24 17:21:19.000 - RealTimeSTT: realtimestt - DEBUG - Receive from parent_transcription_pipe after sendiung transcription request, transcribe_count: 1
2025-10-24 17:21:19.109 - RealTimeSTT: realtimestt - DEBUG - Receive from parent_transcription_pipe after sendiung transcription request, transcribe_count: 1
2025-10-24 17:21:19.218 - RealTimeSTT: realtimestt - DEBUG - Receive from parent_transcription_pipe after sendiung transcription request, transcribe_count: 1
2025-10-24 17:21:19.328 - RealTimeSTT: realtimestt - DEBUG - Receive from parent_transcription_pipe after sendiung transcription request, transcribe_count: 1
2025-10-24 17:21:19.438 - RealTimeSTT: realtimestt - DEBUG - Receive from parent_transcription_pipe after sendiung transcription request, transcribe_count: 1
2025-10-24 17:21:19.461 - RealTimeSTT: realtimestt - INFO - State changed from 'transcribing' to 'inactive'
2025-10-24 17:21:19.494 - RealTimeSTT: realtimestt - DEBUG - Model tiny completed transcription in 0.61 seconds
2025-10-24 17:21:19.494 - RealTimeSTT: realtimestt - INFO - Setting listen time
2025-10-24 17:21:19.494 - RealTimeSTT: realtimestt - INFO - State changed from 'inactive' to 'listening'
2025-10-24 17:21:19.496 - RealTimeSTT: realtimestt - DEBUG - Waiting for recording start
2025-10-24 17:21:20.930 - RealTimeSTT: realtimestt - INFO - voice activity detected
2025-10-24 17:21:20.930 - RealTimeSTT: realtimestt - INFO - recording started
2025-10-24 17:21:20.930 - RealTimeSTT: realtimestt - INFO - State changed from 'listening' to 'recording'
2025-10-24 17:21:20.930 - RealTimeSTT: realtimestt - DEBUG - Waiting for recording stop
2025-10-24 17:21:22.080 - RealTimeSTT: realtimestt - INFO - recording stopped
2025-10-24 17:21:22.081 - RealTimeSTT: realtimestt - DEBUG - No samples removed, final audio length: 34816
2025-10-24 17:21:22.081 - RealTimeSTT: realtimestt - INFO - State changed from 'recording' to 'inactive'
2025-10-24 17:21:22.104 - RealTimeSTT: realtimestt - INFO - State changed from 'inactive' to 'transcribing'
2025-10-24 17:21:22.105 - RealTimeSTT: realtimestt - DEBUG - Adding transcription request, no early transcription started
2025-10-24 17:21:22.124 - RealTimeSTT: realtimestt - DEBUG - Receive from parent_transcription_pipe after sendiung transcription request, transcribe_count: 1
2025-10-24 17:21:22.232 - RealTimeSTT: realtimestt - DEBUG - Receive from parent_transcription_pipe after sendiung transcription request, transcribe_count: 1
2025-10-24 17:21:22.342 - RealTimeSTT: realtimestt - DEBUG - Receive from parent_transcription_pipe after sendiung transcription request, transcribe_count: 1
2025-10-24 17:21:22.452 - RealTimeSTT: realtimestt - DEBUG - Receive from parent_transcription_pipe after sendiung transcription request, transcribe_count: 1
2025-10-24 17:21:22.562 - RealTimeSTT: realtimestt - DEBUG - Receive from parent_transcription_pipe after sendiung transcription request, transcribe_count: 1
2025-10-24 17:21:22.672 - RealTimeSTT: realtimestt - DEBUG - Receive from parent_transcription_pipe after sendiung transcription request, transcribe_count: 1
2025-10-24 17:21:22.689 - RealTimeSTT: realtimestt - INFO - State changed from 'transcribing' to 'inactive'
2025-10-24 17:21:22.712 - RealTimeSTT: realtimestt - DEBUG - Model tiny completed transcription in 0.61 seconds
2025-10-24 17:21:22.713 - RealTimeSTT: realtimestt - INFO - Setting listen time
2025-10-24 17:21:22.713 - RealTimeSTT: realtimestt - INFO - State changed from 'inactive' to 'listening'
2025-10-24 17:21:22.715 - RealTimeSTT: realtimestt - DEBUG - Waiting for recording start
2025-10-24 18:18:56.659 - RealTimeSTT: realtimestt - INFO - Starting RealTimeSTT
2025-10-24 18:18:57.036 - RealTimeSTT: realtimestt - INFO - Initializing audio recording (creating pyAudio input stream, sample rate: 16000 buffer size: 512
2025-10-24 18:18:57.047 - RealTimeSTT: realtimestt - INFO - Initializing WebRTC voice with Sensitivity 3
2025-10-24 18:18:57.048 - RealTimeSTT: realtimestt - DEBUG - WebRTC VAD voice activity detection engine initialized successfully
2025-10-24 18:19:51.246 - RealTimeSTT: realtimestt - DEBUG - Silero VAD voice activity detection engine initialized successfully
2025-10-24 18:19:51.252 - RealTimeSTT: realtimestt - DEBUG - Starting realtime worker
2025-10-24 18:19:51.252 - RealTimeSTT: realtimestt - DEBUG - Waiting for main transcription model to start
2025-10-24 18:19:51.251 - RealTimeSTT: realtimestt - WARNING - Audio queue size exceeds latency limit. Current size: 1353. Discarding old audio chunks.
2025-10-24 18:19:54.230 - RealTimeSTT: realtimestt - DEBUG - Main transcription model ready
2025-10-24 18:19:54.233 - RealTimeSTT: realtimestt - DEBUG - RealtimeSTT initialization completed successfully
2025-10-24 18:20:02.220 - RealTimeSTT: realtimestt - INFO - Setting listen time
2025-10-24 18:20:02.221 - RealTimeSTT: realtimestt - INFO - State changed from 'inactive' to 'listening'
2025-10-24 18:20:02.229 - RealTimeSTT: realtimestt - DEBUG - Waiting for recording start
2025-10-24 18:20:03.222 - RealTimeSTT: realtimestt - INFO - voice activity detected
2025-10-24 18:20:03.223 - RealTimeSTT: realtimestt - INFO - recording started
2025-10-24 18:20:03.224 - RealTimeSTT: realtimestt - INFO - State changed from 'listening' to 'recording'
2025-10-24 18:20:03.225 - RealTimeSTT: realtimestt - DEBUG - Waiting for recording stop
2025-10-24 18:22:52.815 - RealTimeSTT: realtimestt - INFO - Starting RealTimeSTT
2025-10-24 18:22:52.837 - RealTimeSTT: realtimestt - INFO - Initializing audio recording (creating pyAudio input stream, sample rate: 16000 buffer size: 512
2025-10-24 18:22:52.849 - RealTimeSTT: realtimestt - INFO - Initializing WebRTC voice with Sensitivity 3
2025-10-24 18:22:52.850 - RealTimeSTT: realtimestt - DEBUG - WebRTC VAD voice activity detection engine initialized successfully
2025-10-24 18:22:53.919 - RealTimeSTT: realtimestt - DEBUG - Silero VAD voice activity detection engine initialized successfully
2025-10-24 18:22:53.922 - RealTimeSTT: realtimestt - DEBUG - Starting realtime worker
2025-10-24 18:22:53.922 - RealTimeSTT: realtimestt - DEBUG - Waiting for main transcription model to start
2025-10-24 18:23:02.484 - RealTimeSTT: realtimestt - DEBUG - Main transcription model ready
2025-10-24 18:23:02.488 - RealTimeSTT: realtimestt - DEBUG - RealtimeSTT initialization completed successfully
2025-10-24 18:33:27.398 - RealTimeSTT: realtimestt - INFO - Starting RealTimeSTT
2025-10-24 18:33:27.430 - RealTimeSTT: realtimestt - INFO - Initializing audio recording (creating pyAudio input stream, sample rate: 16000 buffer size: 512
2025-10-24 18:33:27.439 - RealTimeSTT: realtimestt - INFO - Initializing WebRTC voice with Sensitivity 3
2025-10-24 18:33:27.439 - RealTimeSTT: realtimestt - DEBUG - WebRTC VAD voice activity detection engine initialized successfully
2025-10-24 18:33:28.458 - RealTimeSTT: realtimestt - DEBUG - Silero VAD voice activity detection engine initialized successfully
2025-10-24 18:33:28.462 - RealTimeSTT: realtimestt - DEBUG - Starting realtime worker
2025-10-24 18:33:28.462 - RealTimeSTT: realtimestt - DEBUG - Waiting for main transcription model to start
2025-10-24 18:33:37.388 - RealTimeSTT: realtimestt - DEBUG - Main transcription model ready
2025-10-24 18:33:37.391 - RealTimeSTT: realtimestt - DEBUG - RealtimeSTT initialization completed successfully
2025-10-24 18:33:43.006 - RealTimeSTT: realtimestt - WARNING - Audio queue size exceeds latency limit. Current size: 109. Discarding old audio chunks.
2025-10-24 18:37:49.679 - RealTimeSTT: realtimestt - INFO - Starting RealTimeSTT
2025-10-24 18:37:49.703 - RealTimeSTT: realtimestt - INFO - Initializing audio recording (creating pyAudio input stream, sample rate: 16000 buffer size: 512
2025-10-24 18:37:49.714 - RealTimeSTT: realtimestt - INFO - Initializing WebRTC voice with Sensitivity 3
2025-10-24 18:37:49.715 - RealTimeSTT: realtimestt - DEBUG - WebRTC VAD voice activity detection engine initialized successfully
2025-10-24 18:37:51.964 - RealTimeSTT: realtimestt - DEBUG - Silero VAD voice activity detection engine initialized successfully
2025-10-24 18:37:51.967 - RealTimeSTT: realtimestt - DEBUG - Starting realtime worker
2025-10-24 18:37:51.968 - RealTimeSTT: realtimestt - DEBUG - Waiting for main transcription model to start
2025-10-24 18:38:03.607 - RealTimeSTT: realtimestt - DEBUG - Main transcription model ready
2025-10-24 18:38:03.609 - RealTimeSTT: realtimestt - DEBUG - RealtimeSTT initialization completed successfully
2025-10-24 18:39:31.944 - RealTimeSTT: realtimestt - WARNING - Audio queue size exceeds latency limit. Current size: 2148. Discarding old audio chunks.
2025-10-24 18:49:35.050 - RealTimeSTT: realtimestt - DEBUG - Receive from stdout pipe
2025-10-24 18:49:35.066 - RealTimeSTT: realtimestt - INFO - None
2025-10-24 18:50:23.245 - RealTimeSTT: realtimestt - INFO - Starting RealTimeSTT
2025-10-24 18:50:23.266 - RealTimeSTT: realtimestt - INFO - Initializing audio recording (creating pyAudio input stream, sample rate: 16000 buffer size: 512
2025-10-24 18:50:23.281 - RealTimeSTT: realtimestt - INFO - Initializing WebRTC voice with Sensitivity 3
2025-10-24 18:50:23.282 - RealTimeSTT: realtimestt - DEBUG - WebRTC VAD voice activity detection engine initialized successfully
2025-10-24 18:50:35.196 - RealTimeSTT: realtimestt - DEBUG - Silero VAD voice activity detection engine initialized successfully
2025-10-24 18:50:35.198 - RealTimeSTT: realtimestt - WARNING - Audio queue size exceeds latency limit. Current size: 177. Discarding old audio chunks.
2025-10-24 18:50:35.199 - RealTimeSTT: realtimestt - DEBUG - Starting realtime worker
2025-10-24 18:50:35.199 - RealTimeSTT: realtimestt - DEBUG - Waiting for main transcription model to start
2025-10-24 18:50:42.068 - RealTimeSTT: realtimestt - DEBUG - Main transcription model ready
2025-10-24 18:50:42.071 - RealTimeSTT: realtimestt - DEBUG - RealtimeSTT initialization completed successfully
2025-10-24 18:55:06.030 - RealTimeSTT: realtimestt - DEBUG - Receive from stdout pipe
2025-10-24 18:55:06.031 - RealTimeSTT: realtimestt - INFO - None
2025-10-24 18:55:20.617 - RealTimeSTT: realtimestt - INFO - Starting RealTimeSTT
2025-10-24 18:55:20.647 - RealTimeSTT: realtimestt - INFO - Initializing audio recording (creating pyAudio input stream, sample rate: 16000 buffer size: 512
2025-10-24 18:55:20.659 - RealTimeSTT: realtimestt - INFO - Initializing WebRTC voice with Sensitivity 3
2025-10-24 18:55:20.659 - RealTimeSTT: realtimestt - DEBUG - WebRTC VAD voice activity detection engine initialized successfully
2025-10-24 18:55:21.379 - RealTimeSTT: realtimestt - DEBUG - Silero VAD voice activity detection engine initialized successfully
2025-10-24 18:55:21.382 - RealTimeSTT: realtimestt - DEBUG - Starting realtime worker
2025-10-24 18:55:21.382 - RealTimeSTT: realtimestt - DEBUG - Waiting for main transcription model to start
2025-10-24 18:55:29.289 - RealTimeSTT: realtimestt - DEBUG - Main transcription model ready
2025-10-24 18:55:29.294 - RealTimeSTT: realtimestt - DEBUG - RealtimeSTT initialization completed successfully
2025-10-24 18:56:56.526 - RealTimeSTT: realtimestt - INFO - Starting RealTimeSTT
2025-10-24 18:56:56.542 - RealTimeSTT: realtimestt - INFO - Initializing audio recording (creating pyAudio input stream, sample rate: 16000 buffer size: 512
2025-10-24 18:56:56.555 - RealTimeSTT: realtimestt - INFO - Initializing WebRTC voice with Sensitivity 3
2025-10-24 18:56:56.556 - RealTimeSTT: realtimestt - DEBUG - WebRTC VAD voice activity detection engine initialized successfully
2025-10-24 18:56:57.436 - RealTimeSTT: realtimestt - DEBUG - Silero VAD voice activity detection engine initialized successfully
2025-10-24 18:56:57.441 - RealTimeSTT: realtimestt - DEBUG - Starting realtime worker
2025-10-24 18:56:57.441 - RealTimeSTT: realtimestt - DEBUG - Waiting for main transcription model to start
2025-10-24 18:57:05.294 - RealTimeSTT: realtimestt - DEBUG - Main transcription model ready
2025-10-24 18:57:05.296 - RealTimeSTT: realtimestt - DEBUG - RealtimeSTT initialization completed successfully
2025-10-24 18:58:30.766 - RealTimeSTT: realtimestt - INFO - Starting RealTimeSTT
2025-10-24 18:58:30.780 - RealTimeSTT: realtimestt - INFO - Initializing audio recording (creating pyAudio input stream, sample rate: 16000 buffer size: 512
2025-10-24 18:58:30.790 - RealTimeSTT: realtimestt - INFO - Initializing WebRTC voice with Sensitivity 3
2025-10-24 18:58:30.790 - RealTimeSTT: realtimestt - DEBUG - WebRTC VAD voice activity detection engine initialized successfully
2025-10-24 18:58:32.583 - RealTimeSTT: realtimestt - DEBUG - Silero VAD voice activity detection engine initialized successfully
2025-10-24 18:58:32.586 - RealTimeSTT: realtimestt - DEBUG - Starting realtime worker
2025-10-24 18:58:32.586 - RealTimeSTT: realtimestt - DEBUG - Waiting for main transcription model to start
2025-10-24 18:58:42.745 - RealTimeSTT: realtimestt - DEBUG - Main transcription model ready
2025-10-24 18:58:42.748 - RealTimeSTT: realtimestt - DEBUG - RealtimeSTT initialization completed successfully
2025-10-24 19:01:37.017 - RealTimeSTT: realtimestt - INFO - Starting RealTimeSTT
2025-10-24 19:01:37.031 - RealTimeSTT: realtimestt - INFO - Initializing audio recording (creating pyAudio input stream, sample rate: 16000 buffer size: 512
2025-10-24 19:01:37.040 - RealTimeSTT: realtimestt - INFO - Initializing WebRTC voice with Sensitivity 3
2025-10-24 19:01:37.040 - RealTimeSTT: realtimestt - DEBUG - WebRTC VAD voice activity detection engine initialized successfully
2025-10-24 19:01:38.015 - RealTimeSTT: realtimestt - DEBUG - Silero VAD voice activity detection engine initialized successfully
2025-10-24 19:01:38.018 - RealTimeSTT: realtimestt - DEBUG - Starting realtime worker
2025-10-24 19:01:38.018 - RealTimeSTT: realtimestt - DEBUG - Waiting for main transcription model to start
2025-10-24 19:01:44.389 - RealTimeSTT: realtimestt - DEBUG - Main transcription model ready
2025-10-24 19:01:44.392 - RealTimeSTT: realtimestt - DEBUG - RealtimeSTT initialization completed successfully
2025-10-24 19:05:24.446 - RealTimeSTT: realtimestt - INFO - Starting RealTimeSTT
2025-10-24 19:05:24.468 - RealTimeSTT: realtimestt - INFO - Initializing audio recording (creating pyAudio input stream, sample rate: 16000 buffer size: 512
2025-10-24 19:05:24.481 - RealTimeSTT: realtimestt - INFO - Initializing WebRTC voice with Sensitivity 3
2025-10-24 19:05:24.482 - RealTimeSTT: realtimestt - DEBUG - WebRTC VAD voice activity detection engine initialized successfully
2025-10-24 19:05:31.051 - RealTimeSTT: realtimestt - DEBUG - Silero VAD voice activity detection engine initialized successfully
2025-10-24 19:05:31.055 - RealTimeSTT: realtimestt - DEBUG - Starting realtime worker
2025-10-24 19:05:31.055 - RealTimeSTT: realtimestt - DEBUG - Waiting for main transcription model to start
2025-10-24 19:05:35.309 - RealTimeSTT: realtimestt - DEBUG - Main transcription model ready
2025-10-24 19:05:35.312 - RealTimeSTT: realtimestt - DEBUG - RealtimeSTT initialization completed successfully
